[debug] [2022-03-21T05:21:35.000Z] ----------------------------------------------------------------------
[debug] [2022-03-21T05:21:35.002Z] Command:       C:\Program Files\nodejs\node.exe C:\Users\benz\AppData\Roaming\npm\node_modules\firebase-tools\lib\bin\firebase.js init
[debug] [2022-03-21T05:21:35.002Z] CLI Version:   9.2.2
[debug] [2022-03-21T05:21:35.002Z] Platform:      win32
[debug] [2022-03-21T05:21:35.002Z] Node Version:  v16.13.0
[debug] [2022-03-21T05:21:35.003Z] Time:          Mon Mar 21 2022 06:21:35 GMT+0100 (Central European Standard Time)
[debug] [2022-03-21T05:21:35.003Z] ----------------------------------------------------------------------
[debug] [2022-03-21T05:21:35.004Z] 
[debug] [2022-03-21T05:21:35.006Z] >>> [apiv2][query] GET https://firebase-public.firebaseio.com/cli.json [none]
[debug] [2022-03-21T05:21:35.021Z] > command requires scopes: ["email","openid","https://www.googleapis.com/auth/cloudplatformprojects.readonly","https://www.googleapis.com/auth/firebase","https://www.googleapis.com/auth/cloud-platform"]
[debug] [2022-03-21T05:21:35.021Z] > authorizing via signed-in user
[info] 
     ######## #### ########  ######## ########     ###     ######  ########
     ##        ##  ##     ## ##       ##     ##  ##   ##  ##       ##
     ######    ##  ########  ######   ########  #########  ######  ######
     ##        ##  ##    ##  ##       ##     ## ##     ##       ## ##
     ##       #### ##     ## ######## ########  ##     ##  ######  ########

You're about to initialize a Firebase project in this directory:

  C:\Projekte\q-senior-frontend

Before we get started, keep in mind:

  * You are currently outside your home directory

[debug] [2022-03-21T05:21:35.475Z] <<< [apiv2][status] GET https://firebase-public.firebaseio.com/cli.json 200
[debug] [2022-03-21T05:21:35.476Z] <<< [apiv2][body] GET https://firebase-public.firebaseio.com/cli.json {"cloudBuildErrorAfter":1594252800000,"cloudBuildWarnAfter":1590019200000,"defaultNode10After":1594252800000,"minVersion":"3.0.5","node8DeploysDisabledAfter":1613390400000,"node8RuntimeDisabledAfter":1615809600000,"node8WarnAfter":1600128000000}
